\BOOKMARK [0][-]{chapter*.2}{Don't\040Leave\040the\040Road,\040c'est\040quoi\040?}{}% 1
\BOOKMARK [0][-]{chapter*.3}{Comment\040jouer\040?}{}% 2
\BOOKMARK [1][-]{section*.4}{Caractéristiques}{chapter*.3}% 3
\BOOKMARK [1][-]{section*.5}{Aspects}{chapter*.3}% 4
\BOOKMARK [1][-]{section*.6}{Points\040de\040destin}{chapter*.3}% 5
\BOOKMARK [1][-]{section*.7}{Actions}{chapter*.3}% 6
\BOOKMARK [1][-]{section*.8}{Les\040traits}{chapter*.3}% 7
\BOOKMARK [1][-]{section*.9}{Le\040combat\040et\040les\040dangers}{chapter*.3}% 8
\BOOKMARK [2][-]{subsection*.10}{Défense passive ou active}{section*.9}% 9
\BOOKMARK [2][-]{subsection*.11}{Tours\040de\040combat}{section*.9}% 10
\BOOKMARK [2][-]{subsection*.12}{Actions\040lors\040du\040combat}{section*.9}% 11
\BOOKMARK [2][-]{subsection*.13}{Dommages et récupération}{section*.9}% 12
\BOOKMARK [1][-]{section*.14}{L'équipement}{chapter*.3}% 13
\BOOKMARK [2][-]{subsection*.15}{L'armement}{section*.14}% 14
\BOOKMARK [2][-]{subsection*.16}{Équipements de protection}{section*.14}% 15
\BOOKMARK [2][-]{subsection*.17}{Equipement\040divers}{section*.14}% 16
\BOOKMARK [0][-]{chapter*.18}{À la découverte d'Unterwald}{}% 17
\BOOKMARK [1][-]{section*.19}{Unterwald,\040en\040bref}{chapter*.18}% 18
\BOOKMARK [1][-]{section*.20}{Quelques points de repère}{chapter*.18}% 19
\BOOKMARK [1][-]{section*.21}{Bestiaire}{chapter*.18}% 20
\BOOKMARK [0][-]{chapter*.22}{Scénario : Le Vol de l'Oiseau de Fer}{}% 21
\BOOKMARK [1][-]{section*.23}{Vacarme\040par\040une\040nuit\040d'automne}{chapter*.22}% 22
\BOOKMARK [1][-]{section*.24}{Sur\040la\040route\040du\040Nouveau\040Bastion}{chapter*.22}% 23
\BOOKMARK [1][-]{section*.25}{Le\040Nouveau\040Bastion}{chapter*.22}% 24
\BOOKMARK [1][-]{section*.26}{La\040route\040du\040Col\040Brun}{chapter*.22}% 25
\BOOKMARK [1][-]{section*.27}{Le\040passage\040du\040Col\040Brun}{chapter*.22}% 26
\BOOKMARK [1][-]{section*.28}{Un\040oiseau\040en\040cage}{chapter*.22}% 27
\BOOKMARK [1][-]{section*.29}{Epilogue}{chapter*.22}% 28
\BOOKMARK [1][-]{section*.30}{Personnages prétirés}{chapter*.22}% 29
\BOOKMARK [0][-]{chapter*.31}{Crédits et remerciements}{}% 30
